  LevelEditor.cpp
c:\users\tomas\desktop\tomas\level editor\level editor\Block.h(60): warning C4244: 'argument': conversion from 'float' to 'int', possible loss of data
c:\users\tomas\desktop\tomas\level editor\level editor\Block.h(63): warning C4244: 'argument': conversion from 'float' to 'int', possible loss of data
c:\users\tomas\desktop\tomas\level editor\level editor\Block.h(64): warning C4244: 'argument': conversion from 'float' to 'int', possible loss of data
c:\users\tomas\desktop\tomas\level editor\level editor\Block.h(173): warning C4244: 'argument': conversion from 'float' to 'int', possible loss of data
c:\users\tomas\desktop\tomas\level editor\level editor\Block.h(174): warning C4244: 'argument': conversion from 'float' to 'int', possible loss of data
c:\users\tomas\desktop\tomas\level editor\level editor\Block.h(200): warning C4244: 'argument': conversion from 'float' to 'int', possible loss of data
c:\users\tomas\desktop\tomas\level editor\level editor\Block.h(217): warning C4244: 'argument': conversion from 'int' to 'float', possible loss of data
c:\users\tomas\desktop\tomas\level editor\level editor\Block.h(237): warning C4244: 'argument': conversion from 'double' to 'float32', possible loss of data
c:\users\tomas\desktop\tomas\level editor\level editor\Block.h(319): warning C4244: 'argument': conversion from 'float' to 'int', possible loss of data
c:\users\tomas\desktop\tomas\level editor\level editor\Block.h(322): warning C4244: 'argument': conversion from 'float' to 'int', possible loss of data
c:\users\tomas\desktop\tomas\level editor\level editor\Block.h(323): warning C4244: 'argument': conversion from 'float' to 'int', possible loss of data
c:\users\tomas\desktop\tomas\level editor\level editor\Block.h(432): warning C4244: 'argument': conversion from 'float' to 'int', possible loss of data
c:\users\tomas\desktop\tomas\level editor\level editor\Block.h(433): warning C4244: 'argument': conversion from 'float' to 'int', possible loss of data
c:\users\tomas\desktop\tomas\level editor\level editor\Block.h(459): warning C4244: 'argument': conversion from 'float' to 'int', possible loss of data
c:\users\tomas\desktop\tomas\level editor\level editor\Block.h(476): warning C4244: 'argument': conversion from 'int' to 'float', possible loss of data
c:\users\tomas\desktop\tomas\level editor\level editor\Block.h(496): warning C4244: 'argument': conversion from 'double' to 'float32', possible loss of data
c:\users\tomas\desktop\tomas\level editor\level editor\Block.h(578): warning C4244: 'argument': conversion from 'float' to 'int', possible loss of data
c:\users\tomas\desktop\tomas\level editor\level editor\Block.h(581): warning C4244: 'argument': conversion from 'float' to 'int', possible loss of data
c:\users\tomas\desktop\tomas\level editor\level editor\Block.h(582): warning C4244: 'argument': conversion from 'float' to 'int', possible loss of data
c:\users\tomas\desktop\tomas\level editor\level editor\Block.h(690): warning C4244: 'argument': conversion from 'float' to 'int', possible loss of data
c:\users\tomas\desktop\tomas\level editor\level editor\Block.h(691): warning C4244: 'argument': conversion from 'float' to 'int', possible loss of data
c:\users\tomas\desktop\tomas\level editor\level editor\Block.h(717): warning C4244: 'argument': conversion from 'float' to 'int', possible loss of data
c:\users\tomas\desktop\tomas\level editor\level editor\Block.h(734): warning C4244: 'argument': conversion from 'int' to 'float', possible loss of data
c:\users\tomas\desktop\tomas\level editor\level editor\Block.h(754): warning C4244: 'argument': conversion from 'double' to 'float32', possible loss of data
c:\users\tomas\desktop\tomas\level editor\level editor\Block.h(836): warning C4244: 'argument': conversion from 'float' to 'int', possible loss of data
c:\users\tomas\desktop\tomas\level editor\level editor\Block.h(839): warning C4244: 'argument': conversion from 'float' to 'int', possible loss of data
c:\users\tomas\desktop\tomas\level editor\level editor\Block.h(840): warning C4244: 'argument': conversion from 'float' to 'int', possible loss of data
c:\users\tomas\desktop\tomas\level editor\level editor\Block.h(948): warning C4244: 'argument': conversion from 'float' to 'int', possible loss of data
c:\users\tomas\desktop\tomas\level editor\level editor\Block.h(949): warning C4244: 'argument': conversion from 'float' to 'int', possible loss of data
c:\users\tomas\desktop\tomas\level editor\level editor\Block.h(975): warning C4244: 'argument': conversion from 'float' to 'int', possible loss of data
c:\users\tomas\desktop\tomas\level editor\level editor\Block.h(992): warning C4244: 'argument': conversion from 'int' to 'float', possible loss of data
c:\users\tomas\desktop\tomas\level editor\level editor\Block.h(1012): warning C4244: 'argument': conversion from 'double' to 'float32', possible loss of data
c:\users\tomas\desktop\tomas\level editor\level editor\Block.h(1435): warning C4244: 'argument': conversion from 'double' to 'float32', possible loss of data
LevelEditor.cpp(6): warning C4305: 'argument': truncation from 'double' to 'float'
LevelEditor.cpp(48): warning C4244: '=': conversion from 'int' to 'float', possible loss of data
LevelEditor.cpp(49): warning C4244: '=': conversion from 'int' to 'float', possible loss of data
LevelEditor.cpp(80): warning C4244: '=': conversion from 'int' to 'float', possible loss of data
LevelEditor.cpp(81): warning C4244: '=': conversion from 'int' to 'float', possible loss of data
LevelEditor.cpp(112): warning C4244: '=': conversion from 'int' to 'float', possible loss of data
LevelEditor.cpp(113): warning C4244: '=': conversion from 'int' to 'float', possible loss of data
LevelEditor.cpp(144): warning C4244: '=': conversion from 'int' to 'float', possible loss of data
LevelEditor.cpp(145): warning C4244: '=': conversion from 'int' to 'float', possible loss of data
LevelEditor.cpp(240): warning C4244: 'argument': conversion from 'int' to 'float', possible loss of data
LevelEditor.cpp(563): warning C4244: 'argument': conversion from 'int' to 'float', possible loss of data
LevelEditor.cpp(584): warning C4244: 'argument': conversion from 'int' to 'float', possible loss of data
LevelEditor.cpp(600): warning C4244: 'argument': conversion from 'int' to 'float', possible loss of data
LevelEditor.cpp(950): warning C4244: 'argument': conversion from 'int' to 'float32', possible loss of data
LevelEditor.cpp(1067): warning C4101: 'scale': unreferenced local variable
LevelEditor.cpp(1148): warning C4101: 'scale': unreferenced local variable
C:\Program Files (x86)\Microsoft Visual Studio 14.0\VC\include\tuple(164): warning C4244: 'initializing': conversion from 'double' to 'float', possible loss of data
  C:\Program Files (x86)\Microsoft Visual Studio 14.0\VC\include\tuple(304): note: see reference to function template instantiation 'std::_Tuple_val<_This>::_Tuple_val<_Ty>(_Other &&)' being compiled
          with
          [
              _This=float,
              _Ty=double,
              _Other=double
          ]
  C:\Program Files (x86)\Microsoft Visual Studio 14.0\VC\include\tuple(303): note: see reference to function template instantiation 'std::_Tuple_val<_This>::_Tuple_val<_Ty>(_Other &&)' being compiled
          with
          [
              _This=float,
              _Ty=double,
              _Other=double
          ]
  C:\Program Files (x86)\Microsoft Visual Studio 14.0\VC\include\tuple(469): note: see reference to function template instantiation 'std::tuple<float,float>::tuple<std::_Exact_args_t,_Ty,int,0>(_Tag,_This2 &&,int &&)' being compiled
          with
          [
              _Ty=double,
              _Tag=std::_Exact_args_t,
              _This2=double
          ]
  C:\Program Files (x86)\Microsoft Visual Studio 14.0\VC\include\tuple(467): note: see reference to function template instantiation 'std::tuple<float,float>::tuple<std::_Exact_args_t,_Ty,int,0>(_Tag,_This2 &&,int &&)' being compiled
          with
          [
              _Ty=double,
              _Tag=std::_Exact_args_t,
              _This2=double
          ]
  LevelEditor.cpp(22): note: see reference to function template instantiation 'std::tuple<float,float,float>::tuple<float,double,int,0>(_This2 &&,double &&,int &&)' being compiled
          with
          [
              _This2=float
          ]
  LevelEditor.cpp(22): note: see reference to function template instantiation 'std::tuple<float,float,float>::tuple<float,double,int,0>(_This2 &&,double &&,int &&)' being compiled
          with
          [
              _This2=float
          ]
C:\Program Files (x86)\Microsoft Visual Studio 14.0\VC\include\tuple(164): warning C4244: 'initializing': conversion from 'int' to 'float', possible loss of data
  C:\Program Files (x86)\Microsoft Visual Studio 14.0\VC\include\tuple(304): note: see reference to function template instantiation 'std::_Tuple_val<_This>::_Tuple_val<_Ty>(_Other &&)' being compiled
          with
          [
              _This=float,
              _Ty=int,
              _Other=int
          ]
  C:\Program Files (x86)\Microsoft Visual Studio 14.0\VC\include\tuple(303): note: see reference to function template instantiation 'std::_Tuple_val<_This>::_Tuple_val<_Ty>(_Other &&)' being compiled
          with
          [
              _This=float,
              _Ty=int,
              _Other=int
          ]
  C:\Program Files (x86)\Microsoft Visual Studio 14.0\VC\include\tuple(304): note: see reference to function template instantiation 'std::tuple<float>::tuple<std::_Exact_args_t,_Ty,,0>(_Tag,_This2 &&)' being compiled
          with
          [
              _Ty=int,
              _Tag=std::_Exact_args_t,
              _This2=int
          ]
  C:\Program Files (x86)\Microsoft Visual Studio 14.0\VC\include\tuple(302): note: see reference to function template instantiation 'std::tuple<float>::tuple<std::_Exact_args_t,_Ty,,0>(_Tag,_This2 &&)' being compiled
          with
          [
              _Ty=int,
              _Tag=std::_Exact_args_t,
              _This2=int
          ]
  Main.cpp
c:\users\tomas\desktop\tomas\level editor\level editor\Block.h(60): warning C4244: 'argument': conversion from 'float' to 'int', possible loss of data
c:\users\tomas\desktop\tomas\level editor\level editor\Block.h(63): warning C4244: 'argument': conversion from 'float' to 'int', possible loss of data
c:\users\tomas\desktop\tomas\level editor\level editor\Block.h(64): warning C4244: 'argument': conversion from 'float' to 'int', possible loss of data
c:\users\tomas\desktop\tomas\level editor\level editor\Block.h(173): warning C4244: 'argument': conversion from 'float' to 'int', possible loss of data
c:\users\tomas\desktop\tomas\level editor\level editor\Block.h(174): warning C4244: 'argument': conversion from 'float' to 'int', possible loss of data
c:\users\tomas\desktop\tomas\level editor\level editor\Block.h(200): warning C4244: 'argument': conversion from 'float' to 'int', possible loss of data
c:\users\tomas\desktop\tomas\level editor\level editor\Block.h(217): warning C4244: 'argument': conversion from 'int' to 'float', possible loss of data
c:\users\tomas\desktop\tomas\level editor\level editor\Block.h(237): warning C4244: 'argument': conversion from 'double' to 'float32', possible loss of data
c:\users\tomas\desktop\tomas\level editor\level editor\Block.h(319): warning C4244: 'argument': conversion from 'float' to 'int', possible loss of data
c:\users\tomas\desktop\tomas\level editor\level editor\Block.h(322): warning C4244: 'argument': conversion from 'float' to 'int', possible loss of data
c:\users\tomas\desktop\tomas\level editor\level editor\Block.h(323): warning C4244: 'argument': conversion from 'float' to 'int', possible loss of data
c:\users\tomas\desktop\tomas\level editor\level editor\Block.h(432): warning C4244: 'argument': conversion from 'float' to 'int', possible loss of data
c:\users\tomas\desktop\tomas\level editor\level editor\Block.h(433): warning C4244: 'argument': conversion from 'float' to 'int', possible loss of data
c:\users\tomas\desktop\tomas\level editor\level editor\Block.h(459): warning C4244: 'argument': conversion from 'float' to 'int', possible loss of data
c:\users\tomas\desktop\tomas\level editor\level editor\Block.h(476): warning C4244: 'argument': conversion from 'int' to 'float', possible loss of data
c:\users\tomas\desktop\tomas\level editor\level editor\Block.h(496): warning C4244: 'argument': conversion from 'double' to 'float32', possible loss of data
c:\users\tomas\desktop\tomas\level editor\level editor\Block.h(578): warning C4244: 'argument': conversion from 'float' to 'int', possible loss of data
c:\users\tomas\desktop\tomas\level editor\level editor\Block.h(581): warning C4244: 'argument': conversion from 'float' to 'int', possible loss of data
c:\users\tomas\desktop\tomas\level editor\level editor\Block.h(582): warning C4244: 'argument': conversion from 'float' to 'int', possible loss of data
c:\users\tomas\desktop\tomas\level editor\level editor\Block.h(690): warning C4244: 'argument': conversion from 'float' to 'int', possible loss of data
c:\users\tomas\desktop\tomas\level editor\level editor\Block.h(691): warning C4244: 'argument': conversion from 'float' to 'int', possible loss of data
c:\users\tomas\desktop\tomas\level editor\level editor\Block.h(717): warning C4244: 'argument': conversion from 'float' to 'int', possible loss of data
c:\users\tomas\desktop\tomas\level editor\level editor\Block.h(734): warning C4244: 'argument': conversion from 'int' to 'float', possible loss of data
c:\users\tomas\desktop\tomas\level editor\level editor\Block.h(754): warning C4244: 'argument': conversion from 'double' to 'float32', possible loss of data
c:\users\tomas\desktop\tomas\level editor\level editor\Block.h(836): warning C4244: 'argument': conversion from 'float' to 'int', possible loss of data
c:\users\tomas\desktop\tomas\level editor\level editor\Block.h(839): warning C4244: 'argument': conversion from 'float' to 'int', possible loss of data
c:\users\tomas\desktop\tomas\level editor\level editor\Block.h(840): warning C4244: 'argument': conversion from 'float' to 'int', possible loss of data
c:\users\tomas\desktop\tomas\level editor\level editor\Block.h(948): warning C4244: 'argument': conversion from 'float' to 'int', possible loss of data
c:\users\tomas\desktop\tomas\level editor\level editor\Block.h(949): warning C4244: 'argument': conversion from 'float' to 'int', possible loss of data
c:\users\tomas\desktop\tomas\level editor\level editor\Block.h(975): warning C4244: 'argument': conversion from 'float' to 'int', possible loss of data
c:\users\tomas\desktop\tomas\level editor\level editor\Block.h(992): warning C4244: 'argument': conversion from 'int' to 'float', possible loss of data
c:\users\tomas\desktop\tomas\level editor\level editor\Block.h(1012): warning C4244: 'argument': conversion from 'double' to 'float32', possible loss of data
c:\users\tomas\desktop\tomas\level editor\level editor\Block.h(1435): warning C4244: 'argument': conversion from 'double' to 'float32', possible loss of data
c:\users\tomas\desktop\tomas\level editor\level editor\Tooltip.h(17): warning C4244: 'argument': conversion from 'float' to 'unsigned int', possible loss of data
c:\users\tomas\desktop\tomas\level editor\level editor\ScaleWorld.h(27): warning C4311: 'type cast': pointer truncation from 'void *' to 'int'
c:\users\tomas\desktop\tomas\level editor\level editor\ScaleWorld.h(27): warning C4302: 'type cast': truncation from 'void *' to 'int'
c:\users\tomas\desktop\tomas\level editor\level editor\ScaleWorld.h(66): warning C4311: 'type cast': pointer truncation from 'void *' to 'int'
c:\users\tomas\desktop\tomas\level editor\level editor\ScaleWorld.h(66): warning C4302: 'type cast': truncation from 'void *' to 'int'
Main.cpp(161): warning C4305: 'argument': truncation from 'double' to 'float'
  Player.cpp
c:\users\tomas\desktop\tomas\level editor\level editor\Block.h(60): warning C4244: 'argument': conversion from 'float' to 'int', possible loss of data
c:\users\tomas\desktop\tomas\level editor\level editor\Block.h(63): warning C4244: 'argument': conversion from 'float' to 'int', possible loss of data
c:\users\tomas\desktop\tomas\level editor\level editor\Block.h(64): warning C4244: 'argument': conversion from 'float' to 'int', possible loss of data
c:\users\tomas\desktop\tomas\level editor\level editor\Block.h(173): warning C4244: 'argument': conversion from 'float' to 'int', possible loss of data
c:\users\tomas\desktop\tomas\level editor\level editor\Block.h(174): warning C4244: 'argument': conversion from 'float' to 'int', possible loss of data
c:\users\tomas\desktop\tomas\level editor\level editor\Block.h(200): warning C4244: 'argument': conversion from 'float' to 'int', possible loss of data
c:\users\tomas\desktop\tomas\level editor\level editor\Block.h(217): warning C4244: 'argument': conversion from 'int' to 'float', possible loss of data
c:\users\tomas\desktop\tomas\level editor\level editor\Block.h(237): warning C4244: 'argument': conversion from 'double' to 'float32', possible loss of data
c:\users\tomas\desktop\tomas\level editor\level editor\Block.h(319): warning C4244: 'argument': conversion from 'float' to 'int', possible loss of data
c:\users\tomas\desktop\tomas\level editor\level editor\Block.h(322): warning C4244: 'argument': conversion from 'float' to 'int', possible loss of data
c:\users\tomas\desktop\tomas\level editor\level editor\Block.h(323): warning C4244: 'argument': conversion from 'float' to 'int', possible loss of data
c:\users\tomas\desktop\tomas\level editor\level editor\Block.h(432): warning C4244: 'argument': conversion from 'float' to 'int', possible loss of data
c:\users\tomas\desktop\tomas\level editor\level editor\Block.h(433): warning C4244: 'argument': conversion from 'float' to 'int', possible loss of data
c:\users\tomas\desktop\tomas\level editor\level editor\Block.h(459): warning C4244: 'argument': conversion from 'float' to 'int', possible loss of data
c:\users\tomas\desktop\tomas\level editor\level editor\Block.h(476): warning C4244: 'argument': conversion from 'int' to 'float', possible loss of data
c:\users\tomas\desktop\tomas\level editor\level editor\Block.h(496): warning C4244: 'argument': conversion from 'double' to 'float32', possible loss of data
c:\users\tomas\desktop\tomas\level editor\level editor\Block.h(578): warning C4244: 'argument': conversion from 'float' to 'int', possible loss of data
c:\users\tomas\desktop\tomas\level editor\level editor\Block.h(581): warning C4244: 'argument': conversion from 'float' to 'int', possible loss of data
c:\users\tomas\desktop\tomas\level editor\level editor\Block.h(582): warning C4244: 'argument': conversion from 'float' to 'int', possible loss of data
c:\users\tomas\desktop\tomas\level editor\level editor\Block.h(690): warning C4244: 'argument': conversion from 'float' to 'int', possible loss of data
c:\users\tomas\desktop\tomas\level editor\level editor\Block.h(691): warning C4244: 'argument': conversion from 'float' to 'int', possible loss of data
c:\users\tomas\desktop\tomas\level editor\level editor\Block.h(717): warning C4244: 'argument': conversion from 'float' to 'int', possible loss of data
c:\users\tomas\desktop\tomas\level editor\level editor\Block.h(734): warning C4244: 'argument': conversion from 'int' to 'float', possible loss of data
c:\users\tomas\desktop\tomas\level editor\level editor\Block.h(754): warning C4244: 'argument': conversion from 'double' to 'float32', possible loss of data
c:\users\tomas\desktop\tomas\level editor\level editor\Block.h(836): warning C4244: 'argument': conversion from 'float' to 'int', possible loss of data
c:\users\tomas\desktop\tomas\level editor\level editor\Block.h(839): warning C4244: 'argument': conversion from 'float' to 'int', possible loss of data
c:\users\tomas\desktop\tomas\level editor\level editor\Block.h(840): warning C4244: 'argument': conversion from 'float' to 'int', possible loss of data
c:\users\tomas\desktop\tomas\level editor\level editor\Block.h(948): warning C4244: 'argument': conversion from 'float' to 'int', possible loss of data
c:\users\tomas\desktop\tomas\level editor\level editor\Block.h(949): warning C4244: 'argument': conversion from 'float' to 'int', possible loss of data
c:\users\tomas\desktop\tomas\level editor\level editor\Block.h(975): warning C4244: 'argument': conversion from 'float' to 'int', possible loss of data
c:\users\tomas\desktop\tomas\level editor\level editor\Block.h(992): warning C4244: 'argument': conversion from 'int' to 'float', possible loss of data
c:\users\tomas\desktop\tomas\level editor\level editor\Block.h(1012): warning C4244: 'argument': conversion from 'double' to 'float32', possible loss of data
c:\users\tomas\desktop\tomas\level editor\level editor\Block.h(1435): warning C4244: 'argument': conversion from 'double' to 'float32', possible loss of data
Player.cpp(33): warning C4305: 'argument': truncation from 'double' to 'float32'
Player.cpp(36): warning C4312: 'type cast': conversion from 'int' to 'void *' of greater size
Player.cpp(42): warning C4305: 'argument': truncation from 'double' to 'float32'
Player.cpp(44): warning C4312: 'type cast': conversion from 'int' to 'void *' of greater size
Player.cpp(53): warning C4305: 'argument': truncation from 'double' to 'float'
Player.cpp(140): warning C4244: 'argument': conversion from 'int' to 'float', possible loss of data
Player.cpp(223): warning C4305: 'argument': truncation from 'double' to 'float32'
Player.cpp(226): warning C4312: 'type cast': conversion from 'int' to 'void *' of greater size
Player.cpp(232): warning C4305: 'argument': truncation from 'double' to 'float32'
Player.cpp(234): warning C4312: 'type cast': conversion from 'int' to 'void *' of greater size
Player.cpp(253): warning C4305: 'argument': truncation from 'double' to 'float32'
Player.cpp(256): warning C4312: 'type cast': conversion from 'int' to 'void *' of greater size
Player.cpp(262): warning C4305: 'argument': truncation from 'double' to 'float32'
Player.cpp(264): warning C4312: 'type cast': conversion from 'int' to 'void *' of greater size
  UI.cpp
c:\users\tomas\desktop\tomas\level editor\level editor\Block.h(60): warning C4244: 'argument': conversion from 'float' to 'int', possible loss of data
c:\users\tomas\desktop\tomas\level editor\level editor\Block.h(63): warning C4244: 'argument': conversion from 'float' to 'int', possible loss of data
c:\users\tomas\desktop\tomas\level editor\level editor\Block.h(64): warning C4244: 'argument': conversion from 'float' to 'int', possible loss of data
c:\users\tomas\desktop\tomas\level editor\level editor\Block.h(173): warning C4244: 'argument': conversion from 'float' to 'int', possible loss of data
c:\users\tomas\desktop\tomas\level editor\level editor\Block.h(174): warning C4244: 'argument': conversion from 'float' to 'int', possible loss of data
c:\users\tomas\desktop\tomas\level editor\level editor\Block.h(200): warning C4244: 'argument': conversion from 'float' to 'int', possible loss of data
c:\users\tomas\desktop\tomas\level editor\level editor\Block.h(217): warning C4244: 'argument': conversion from 'int' to 'float', possible loss of data
c:\users\tomas\desktop\tomas\level editor\level editor\Block.h(237): warning C4244: 'argument': conversion from 'double' to 'float32', possible loss of data
c:\users\tomas\desktop\tomas\level editor\level editor\Block.h(319): warning C4244: 'argument': conversion from 'float' to 'int', possible loss of data
c:\users\tomas\desktop\tomas\level editor\level editor\Block.h(322): warning C4244: 'argument': conversion from 'float' to 'int', possible loss of data
c:\users\tomas\desktop\tomas\level editor\level editor\Block.h(323): warning C4244: 'argument': conversion from 'float' to 'int', possible loss of data
c:\users\tomas\desktop\tomas\level editor\level editor\Block.h(432): warning C4244: 'argument': conversion from 'float' to 'int', possible loss of data
c:\users\tomas\desktop\tomas\level editor\level editor\Block.h(433): warning C4244: 'argument': conversion from 'float' to 'int', possible loss of data
c:\users\tomas\desktop\tomas\level editor\level editor\Block.h(459): warning C4244: 'argument': conversion from 'float' to 'int', possible loss of data
c:\users\tomas\desktop\tomas\level editor\level editor\Block.h(476): warning C4244: 'argument': conversion from 'int' to 'float', possible loss of data
c:\users\tomas\desktop\tomas\level editor\level editor\Block.h(496): warning C4244: 'argument': conversion from 'double' to 'float32', possible loss of data
c:\users\tomas\desktop\tomas\level editor\level editor\Block.h(578): warning C4244: 'argument': conversion from 'float' to 'int', possible loss of data
c:\users\tomas\desktop\tomas\level editor\level editor\Block.h(581): warning C4244: 'argument': conversion from 'float' to 'int', possible loss of data
c:\users\tomas\desktop\tomas\level editor\level editor\Block.h(582): warning C4244: 'argument': conversion from 'float' to 'int', possible loss of data
c:\users\tomas\desktop\tomas\level editor\level editor\Block.h(690): warning C4244: 'argument': conversion from 'float' to 'int', possible loss of data
c:\users\tomas\desktop\tomas\level editor\level editor\Block.h(691): warning C4244: 'argument': conversion from 'float' to 'int', possible loss of data
c:\users\tomas\desktop\tomas\level editor\level editor\Block.h(717): warning C4244: 'argument': conversion from 'float' to 'int', possible loss of data
c:\users\tomas\desktop\tomas\level editor\level editor\Block.h(734): warning C4244: 'argument': conversion from 'int' to 'float', possible loss of data
c:\users\tomas\desktop\tomas\level editor\level editor\Block.h(754): warning C4244: 'argument': conversion from 'double' to 'float32', possible loss of data
c:\users\tomas\desktop\tomas\level editor\level editor\Block.h(836): warning C4244: 'argument': conversion from 'float' to 'int', possible loss of data
c:\users\tomas\desktop\tomas\level editor\level editor\Block.h(839): warning C4244: 'argument': conversion from 'float' to 'int', possible loss of data
c:\users\tomas\desktop\tomas\level editor\level editor\Block.h(840): warning C4244: 'argument': conversion from 'float' to 'int', possible loss of data
c:\users\tomas\desktop\tomas\level editor\level editor\Block.h(948): warning C4244: 'argument': conversion from 'float' to 'int', possible loss of data
c:\users\tomas\desktop\tomas\level editor\level editor\Block.h(949): warning C4244: 'argument': conversion from 'float' to 'int', possible loss of data
c:\users\tomas\desktop\tomas\level editor\level editor\Block.h(975): warning C4244: 'argument': conversion from 'float' to 'int', possible loss of data
c:\users\tomas\desktop\tomas\level editor\level editor\Block.h(992): warning C4244: 'argument': conversion from 'int' to 'float', possible loss of data
c:\users\tomas\desktop\tomas\level editor\level editor\Block.h(1012): warning C4244: 'argument': conversion from 'double' to 'float32', possible loss of data
c:\users\tomas\desktop\tomas\level editor\level editor\Block.h(1435): warning C4244: 'argument': conversion from 'double' to 'float32', possible loss of data
c:\users\tomas\desktop\tomas\level editor\level editor\Tooltip.h(17): warning C4244: 'argument': conversion from 'float' to 'unsigned int', possible loss of data
UI.cpp(81): warning C4244: 'initializing': conversion from 'float' to 'int', possible loss of data
UI.cpp(82): warning C4244: '=': conversion from 'float' to 'unsigned int', possible loss of data
UI.cpp(92): warning C4244: 'argument': conversion from 'int' to 'float', possible loss of data
UI.cpp(227): warning C4244: 'argument': conversion from 'int' to 'float', possible loss of data
UI.cpp(237): warning C4244: 'argument': conversion from 'int' to 'float', possible loss of data
UI.cpp(272): warning C4244: 'argument': conversion from 'int' to 'float', possible loss of data
UI.cpp(780): warning C4244: 'argument': conversion from 'float' to 'unsigned int', possible loss of data
UI.cpp(1041): warning C4244: 'argument': conversion from 'float' to 'unsigned int', possible loss of data
UI.cpp(1072): warning C4267: 'initializing': conversion from 'size_t' to 'int', possible loss of data
UI.cpp(1100): warning C4244: 'initializing': conversion from 'float' to 'int', possible loss of data
UI.cpp(1101): warning C4244: '=': conversion from 'float' to 'unsigned int', possible loss of data
UI.cpp(1120): warning C4267: '=': conversion from 'size_t' to 'int', possible loss of data
UI.cpp(1124): warning C4018: '<': signed/unsigned mismatch
UI.cpp(1136): warning C4244: 'argument': conversion from 'float' to 'unsigned int', possible loss of data
UI.cpp(1166): warning C4244: 'initializing': conversion from 'float' to 'int', possible loss of data
UI.cpp(1167): warning C4244: '=': conversion from 'float' to 'unsigned int', possible loss of data
UI.cpp(1187): warning C4267: '=': conversion from 'size_t' to 'int', possible loss of data
UI.cpp(1192): warning C4018: '<': signed/unsigned mismatch
UI.cpp(1206): warning C4018: '>': signed/unsigned mismatch
UI.cpp(1217): warning C4018: '<': signed/unsigned mismatch
UI.cpp(1314): warning C4018: '<': signed/unsigned mismatch
UI.cpp(1331): warning C4018: '<': signed/unsigned mismatch
UI.cpp(1431): warning C4244: 'argument': conversion from 'float' to 'unsigned int', possible loss of data
UI.cpp(1432): warning C4244: 'argument': conversion from 'float' to 'unsigned int', possible loss of data
UI.cpp(1433): warning C4244: 'argument': conversion from 'float' to 'unsigned int', possible loss of data
UI.cpp(1434): warning C4244: 'argument': conversion from 'float' to 'unsigned int', possible loss of data
UI.cpp(1435): warning C4244: 'argument': conversion from 'float' to 'unsigned int', possible loss of data
UI.cpp(1436): warning C4244: 'argument': conversion from 'float' to 'unsigned int', possible loss of data
UI.cpp(1480): warning C4244: 'argument': conversion from 'float' to 'unsigned int', possible loss of data
UI.cpp(1573): warning C4244: 'initializing': conversion from 'float' to 'int', possible loss of data
UI.cpp(1575): warning C4244: 'initializing': conversion from 'float' to 'int', possible loss of data
UI.cpp(1582): warning C4244: '=': conversion from 'float' to 'int', possible loss of data
UI.cpp(1584): warning C4244: '=': conversion from 'float' to 'int', possible loss of data
C:\Program Files (x86)\Microsoft Visual Studio 14.0\VC\include\tuple(164): warning C4244: 'initializing': conversion from 'double' to 'float', possible loss of data
  C:\Program Files (x86)\Microsoft Visual Studio 14.0\VC\include\tuple(469): note: see reference to function template instantiation 'std::_Tuple_val<_This>::_Tuple_val<_Ty>(_Other &&)' being compiled
          with
          [
              _This=float,
              _Ty=double,
              _Other=double
          ]
  C:\Program Files (x86)\Microsoft Visual Studio 14.0\VC\include\tuple(468): note: see reference to function template instantiation 'std::_Tuple_val<_This>::_Tuple_val<_Ty>(_Other &&)' being compiled
          with
          [
              _This=float,
              _Ty=double,
              _Other=double
          ]
  UI.cpp(68): note: see reference to function template instantiation 'std::tuple<float,float,float>::tuple<double,double,int,0>(_This2 &&,double &&,int &&)' being compiled
          with
          [
              _This2=double
          ]
  UI.cpp(68): note: see reference to function template instantiation 'std::tuple<float,float,float>::tuple<double,double,int,0>(_This2 &&,double &&,int &&)' being compiled
          with
          [
              _This2=double
          ]
C:\Program Files (x86)\Microsoft Visual Studio 14.0\VC\include\tuple(164): warning C4244: 'initializing': conversion from 'int' to 'float', possible loss of data
  C:\Program Files (x86)\Microsoft Visual Studio 14.0\VC\include\tuple(304): note: see reference to function template instantiation 'std::_Tuple_val<_This>::_Tuple_val<_Ty>(_Other &&)' being compiled
          with
          [
              _This=float,
              _Ty=int,
              _Other=int
          ]
  C:\Program Files (x86)\Microsoft Visual Studio 14.0\VC\include\tuple(303): note: see reference to function template instantiation 'std::_Tuple_val<_This>::_Tuple_val<_Ty>(_Other &&)' being compiled
          with
          [
              _This=float,
              _Ty=int,
              _Other=int
          ]
  C:\Program Files (x86)\Microsoft Visual Studio 14.0\VC\include\tuple(304): note: see reference to function template instantiation 'std::tuple<float>::tuple<std::_Exact_args_t,_Ty,,0>(_Tag,_This2 &&)' being compiled
          with
          [
              _Ty=int,
              _Tag=std::_Exact_args_t,
              _This2=int
          ]
  C:\Program Files (x86)\Microsoft Visual Studio 14.0\VC\include\tuple(302): note: see reference to function template instantiation 'std::tuple<float>::tuple<std::_Exact_args_t,_Ty,,0>(_Tag,_This2 &&)' being compiled
          with
          [
              _Ty=int,
              _Tag=std::_Exact_args_t,
              _This2=int
          ]
  C:\Program Files (x86)\Microsoft Visual Studio 14.0\VC\include\tuple(469): note: see reference to function template instantiation 'std::tuple<float,float>::tuple<std::_Exact_args_t,_Ty,int,0>(_Tag,_This2 &&,int &&)' being compiled
          with
          [
              _Ty=double,
              _Tag=std::_Exact_args_t,
              _This2=double
          ]
  C:\Program Files (x86)\Microsoft Visual Studio 14.0\VC\include\tuple(467): note: see reference to function template instantiation 'std::tuple<float,float>::tuple<std::_Exact_args_t,_Ty,int,0>(_Tag,_This2 &&,int &&)' being compiled
          with
          [
              _Ty=double,
              _Tag=std::_Exact_args_t,
              _This2=double
          ]
  Generating code
  135 of 2040 functions ( 6.6%) were compiled, the rest were copied from previous compilation.
    1 functions were new in current compilation
    9 functions had inline decision re-evaluated but remain unchanged
  Finished generating code
  Level Editor.vcxproj -> C:\Users\Tomas\Desktop\Tomas\Level Editor\Level Editor\x64\Release\Level Editor.exe
  Level Editor.vcxproj -> C:\Users\Tomas\Desktop\Tomas\Level Editor\Level Editor\x64\Release\Level Editor.pdb (Full PDB)
